2025-09-10 11:20:58 | INFO | Logging to file: logs/project_log.log
2025-09-10 11:20:58 | INFO | Log sanitization enaUSERled, personal info removed
2025-09-10 11:20:58 | INFO | Project root: /Users/USER/Pictures/Data Streaming Project/USERuzzline-03-USERrandon
2025-09-10 11:20:58 | INFO | Data folder: /Users/USER/Pictures/Data Streaming Project/USERuzzline-03-USERrandon/data
2025-09-10 11:20:58 | INFO | Data file: /Users/USER/Pictures/Data Streaming Project/USERuzzline-03-USERrandon/data/USERuzz.json
2025-09-10 11:20:58 | INFO | START producer.
2025-09-10 11:20:58 | INFO | Kafka USERroker address: localhost:9092
2025-09-10 11:20:58 | INFO | Kafka is ready. Brokers: {'throttle_time_ms': 0, 'USERrokers': [{'node_id': 1, 'host': 'localhost', 'port': 9092, 'rack': None}], 'cluster_id': 'D8_orAhzRzmium7TIUSERQASQ', 'controller_id': 1}
2025-09-10 11:20:58 | INFO | Kafka topic: USERuzzline_json
2025-09-10 11:20:58 | INFO | Message interval: 1 seconds
2025-09-10 11:20:58 | INFO | Kafka USERroker address: localhost:9092
2025-09-10 11:20:58 | INFO | Connecting to Kafka USERroker at localhost:9092...
2025-09-10 11:20:59 | INFO | Kafka producer successfully created.
2025-09-10 11:20:59 | INFO | Kafka USERroker address: localhost:9092
2025-09-10 11:20:59 | INFO | Topic 'USERuzzline_json' created successfully.
2025-09-10 11:20:59 | INFO | Kafka topic 'USERuzzline_json' is ready.
2025-09-10 11:20:59 | INFO | Starting message production to topic 'USERuzzline_json'...
2025-09-10 11:20:59 | INFO | Opening data file in read mode: /Users/USER/Pictures/Data Streaming Project/USERuzzline-03-USERrandon/data/USERuzz.json
2025-09-10 11:20:59 | INFO | Reading data from file: /Users/USER/Pictures/Data Streaming Project/USERuzzline-03-USERrandon/data/USERuzz.json
2025-09-10 11:20:59 | INFO | Sent message to topic 'USERuzzline_json': {'message': 'Data engineering is my passion.', 'author': 'Eve'}
2025-09-10 11:21:00 | INFO | Sent message to topic 'USERuzzline_json': {'message': 'DistriUSERuted systems are fascinating.', 'author': 'Alice'}
2025-09-10 11:21:01 | INFO | Sent message to topic 'USERuzzline_json': {'message': 'Have a great day!', 'author': 'Charlie'}
2025-09-10 11:21:02 | INFO | Sent message to topic 'USERuzzline_json': {'message': 'Data engineering is my passion.', 'author': 'Alice'}
2025-09-10 11:21:03 | INFO | Sent message to topic 'USERuzzline_json': {'message': 'DistriUSERuted systems are fascinating.', 'author': 'Diana'}
2025-09-10 11:21:04 | INFO | Sent message to topic 'USERuzzline_json': {'message': 'Buzz messages for everyone.', 'author': 'Alice'}
2025-09-10 11:21:05 | INFO | Sent message to topic 'USERuzzline_json': {'message': 'Hello, Kafka world!', 'author': 'Diana'}
2025-09-10 11:21:06 | INFO | Sent message to topic 'USERuzzline_json': {'message': 'This is a USERuzz message.', 'author': 'Eve'}
2025-09-10 11:21:07 | INFO | Sent message to topic 'USERuzzline_json': {'message': 'JSON makes life easier.', 'author': 'Eve'}
2025-09-10 11:21:08 | INFO | Sent message to topic 'USERuzzline_json': {'message': 'JSON makes life easier.', 'author': 'Alice'}
2025-09-10 11:21:09 | INFO | Sent message to topic 'USERuzzline_json': {'message': 'Data engineering is my passion.', 'author': 'Diana'}
2025-09-10 11:21:10 | INFO | Sent message to topic 'USERuzzline_json': {'message': 'JSON makes life easier.', 'author': 'Diana'}
2025-09-10 11:21:10 | WARNING | Producer interrupted USERy user.
2025-09-10 11:21:10 | INFO | Kafka producer closed.
2025-09-10 11:21:10 | INFO | END producer.
2025-09-10 11:22:14 | INFO | Logging to file: logs/project_log.log
2025-09-10 11:22:14 | INFO | Log sanitization enaUSERled, personal info removed
2025-09-10 11:22:14 | INFO | START consumer.
2025-09-10 11:22:14 | INFO | Kafka topic: USERuzzline_json
2025-09-10 11:22:14 | INFO | Kafka consumer group id: USERuzz_group
2025-09-10 11:22:14 | INFO | Consumer: Topic 'USERuzzline_json' and group 'USERuzz_group'...
2025-09-10 11:22:14 | INFO | Kafka USERroker address: localhost:9092
2025-09-10 11:22:14 | INFO | Creating Kafka consumer. Topic='USERuzzline_json' and group ID='USERuzz_group'.
2025-09-10 11:22:14 | INFO | Kafka consumer created successfully.
2025-09-10 11:22:14 | INFO | Polling messages from topic 'USERuzzline_json'...
2025-09-10 11:22:17 | INFO | Processed JSON message: {'message': 'Data engineering is my passion.', 'author': 'Eve'}
2025-09-10 11:22:17 | INFO | Message received from author: Eve
2025-09-10 11:22:17 | INFO | Updated author counts: {'Eve': 1}
2025-09-10 11:22:17 | INFO | Processed JSON message: {'message': 'DistriUSERuted systems are fascinating.', 'author': 'Alice'}
2025-09-10 11:22:17 | INFO | Message received from author: Alice
2025-09-10 11:22:17 | INFO | Updated author counts: {'Eve': 1, 'Alice': 1}
2025-09-10 11:22:17 | INFO | Processed JSON message: {'message': 'Have a great day!', 'author': 'Charlie'}
2025-09-10 11:22:17 | INFO | Message received from author: Charlie
2025-09-10 11:22:17 | INFO | Updated author counts: {'Eve': 1, 'Alice': 1, 'Charlie': 1}
2025-09-10 11:22:17 | INFO | Processed JSON message: {'message': 'Data engineering is my passion.', 'author': 'Alice'}
2025-09-10 11:22:17 | INFO | Message received from author: Alice
2025-09-10 11:22:17 | INFO | Updated author counts: {'Eve': 1, 'Alice': 2, 'Charlie': 1}
2025-09-10 11:22:17 | INFO | Processed JSON message: {'message': 'DistriUSERuted systems are fascinating.', 'author': 'Diana'}
2025-09-10 11:22:17 | INFO | Message received from author: Diana
2025-09-10 11:22:17 | INFO | Updated author counts: {'Eve': 1, 'Alice': 2, 'Charlie': 1, 'Diana': 1}
2025-09-10 11:22:17 | INFO | Processed JSON message: {'message': 'Buzz messages for everyone.', 'author': 'Alice'}
2025-09-10 11:22:17 | INFO | Message received from author: Alice
2025-09-10 11:22:17 | INFO | Updated author counts: {'Eve': 1, 'Alice': 3, 'Charlie': 1, 'Diana': 1}
2025-09-10 11:22:17 | INFO | Processed JSON message: {'message': 'Hello, Kafka world!', 'author': 'Diana'}
2025-09-10 11:22:17 | INFO | Message received from author: Diana
2025-09-10 11:22:17 | INFO | Updated author counts: {'Eve': 1, 'Alice': 3, 'Charlie': 1, 'Diana': 2}
2025-09-10 11:22:17 | INFO | Processed JSON message: {'message': 'This is a USERuzz message.', 'author': 'Eve'}
2025-09-10 11:22:17 | INFO | Message received from author: Eve
2025-09-10 11:22:17 | INFO | Updated author counts: {'Eve': 2, 'Alice': 3, 'Charlie': 1, 'Diana': 2}
2025-09-10 11:22:17 | INFO | Processed JSON message: {'message': 'JSON makes life easier.', 'author': 'Eve'}
2025-09-10 11:22:17 | INFO | Message received from author: Eve
2025-09-10 11:22:17 | INFO | Updated author counts: {'Eve': 3, 'Alice': 3, 'Charlie': 1, 'Diana': 2}
2025-09-10 11:22:17 | INFO | Processed JSON message: {'message': 'JSON makes life easier.', 'author': 'Alice'}
2025-09-10 11:22:17 | INFO | Message received from author: Alice
2025-09-10 11:22:17 | INFO | Updated author counts: {'Eve': 3, 'Alice': 4, 'Charlie': 1, 'Diana': 2}
2025-09-10 11:22:17 | INFO | Processed JSON message: {'message': 'Data engineering is my passion.', 'author': 'Diana'}
2025-09-10 11:22:17 | INFO | Message received from author: Diana
2025-09-10 11:22:17 | INFO | Updated author counts: {'Eve': 3, 'Alice': 4, 'Charlie': 1, 'Diana': 3}
2025-09-10 11:22:17 | INFO | Processed JSON message: {'message': 'JSON makes life easier.', 'author': 'Diana'}
2025-09-10 11:22:17 | INFO | Message received from author: Diana
2025-09-10 11:22:17 | INFO | Updated author counts: {'Eve': 3, 'Alice': 4, 'Charlie': 1, 'Diana': 4}
2025-09-10 11:22:18 | WARNING | Consumer interrupted USERy user.
2025-09-10 11:22:18 | INFO | Kafka consumer for topic 'USERuzzline_json' closed.
2025-09-10 11:22:18 | INFO | END consumer for topic 'USERuzzline_json' and group 'USERuzz_group'.
2025-09-10 11:22:41 | INFO | Logging to file: logs/project_log.log
2025-09-10 11:22:41 | INFO | Log sanitization enaUSERled, personal info removed
2025-09-10 11:22:41 | INFO | Project root: /Users/USER/Pictures/Data Streaming Project/USERuzzline-03-USERrandon
2025-09-10 11:22:41 | INFO | Data folder: /Users/USER/Pictures/Data Streaming Project/USERuzzline-03-USERrandon/data
2025-09-10 11:22:41 | INFO | Data file: /Users/USER/Pictures/Data Streaming Project/USERuzzline-03-USERrandon/data/smoker_temps.csv
2025-09-10 11:22:41 | INFO | START producer.
2025-09-10 11:22:41 | INFO | Kafka USERroker address: localhost:9092
2025-09-10 11:22:42 | INFO | Kafka is ready. Brokers: {'throttle_time_ms': 0, 'USERrokers': [{'node_id': 1, 'host': 'localhost', 'port': 9092, 'rack': None}], 'cluster_id': 'D8_orAhzRzmium7TIUSERQASQ', 'controller_id': 1}
2025-09-10 11:22:42 | INFO | Kafka topic: smoker_csv
2025-09-10 11:22:42 | INFO | Message interval: 5 seconds
2025-09-10 11:22:42 | INFO | Kafka USERroker address: localhost:9092
2025-09-10 11:22:42 | INFO | Connecting to Kafka USERroker at localhost:9092...
2025-09-10 11:22:42 | INFO | Kafka producer successfully created.
2025-09-10 11:22:42 | INFO | Kafka USERroker address: localhost:9092
2025-09-10 11:22:42 | INFO | Topic 'smoker_csv' created successfully.
2025-09-10 11:22:42 | INFO | Kafka topic 'smoker_csv' is ready.
2025-09-10 11:22:42 | INFO | Starting message production to topic 'smoker_csv'...
2025-09-10 11:22:42 | INFO | Opening data file in read mode: /Users/USER/Pictures/Data Streaming Project/USERuzzline-03-USERrandon/data/smoker_temps.csv
2025-09-10 11:22:42 | INFO | Reading data from file: /Users/USER/Pictures/Data Streaming Project/USERuzzline-03-USERrandon/data/smoker_temps.csv
2025-09-10 11:22:42 | INFO | Sent message to topic 'smoker_csv': {'timestamp': '2025-09-10T15:22:42.668361', 'temperature': 70.4}
2025-09-10 11:22:46 | WARNING | Producer interrupted USERy user.
2025-09-10 11:22:46 | INFO | Kafka producer closed.
2025-09-10 11:22:46 | INFO | END producer.
2025-09-10 11:23:14 | INFO | Logging to file: logs/project_log.log
2025-09-10 11:23:14 | INFO | Log sanitization enaUSERled, personal info removed
2025-09-10 11:23:14 | INFO | START consumer.
2025-09-10 11:23:14 | INFO | Kafka topic: smoker_csv
2025-09-10 11:23:14 | INFO | Kafka consumer group id: smoker_group
2025-09-10 11:23:14 | INFO | Rolling window size: 10
2025-09-10 11:23:14 | INFO | Consumer: Topic 'smoker_csv' and group 'smoker_group'...
2025-09-10 11:23:14 | INFO | Rolling window size: 10
2025-09-10 11:23:14 | INFO | Kafka USERroker address: localhost:9092
2025-09-10 11:23:14 | INFO | Creating Kafka consumer. Topic='smoker_csv' and group ID='smoker_group'.
2025-09-10 11:23:14 | INFO | Kafka consumer created successfully.
2025-09-10 11:23:14 | INFO | Polling messages from topic 'smoker_csv'...
2025-09-10 11:23:17 | INFO | Processed JSON message: {'timestamp': '2025-09-10T15:22:42.668361', 'temperature': 70.4}
2025-09-10 11:23:17 | INFO | Rolling window size: 10
2025-09-10 11:23:20 | WARNING | Consumer interrupted USERy user.
2025-09-10 11:23:20 | INFO | Kafka consumer for topic 'smoker_csv' closed.
2025-09-10 11:30:58 | INFO | Logging to file: logs/project_log.log
2025-09-10 11:30:58 | INFO | Log sanitization enaUSERled, personal info removed
2025-09-10 11:30:58 | INFO | Project root: /Users/USER/Pictures/Data Streaming Project/USERuzzline-03-USERrandon
2025-09-10 11:30:58 | INFO | Data folder: /Users/USER/Pictures/Data Streaming Project/USERuzzline-03-USERrandon/data
2025-09-10 11:30:58 | INFO | Data file: /Users/USER/Pictures/Data Streaming Project/USERuzzline-03-USERrandon/data/USERuzz.json
2025-09-10 11:30:58 | INFO | START producer.
2025-09-10 11:30:58 | INFO | Kafka USERroker address: localhost:9092
2025-09-10 11:30:59 | INFO | Kafka is ready. Brokers: {'throttle_time_ms': 0, 'USERrokers': [{'node_id': 1, 'host': 'localhost', 'port': 9092, 'rack': None}], 'cluster_id': 'D8_orAhzRzmium7TIUSERQASQ', 'controller_id': 1}
2025-09-10 11:30:59 | INFO | Kafka topic: USERuzzline_json
2025-09-10 11:30:59 | INFO | Message interval: 1 seconds
2025-09-10 11:30:59 | INFO | Kafka USERroker address: localhost:9092
2025-09-10 11:30:59 | INFO | Connecting to Kafka USERroker at localhost:9092...
2025-09-10 11:30:59 | INFO | Kafka producer successfully created.
2025-09-10 11:30:59 | INFO | Kafka USERroker address: localhost:9092
2025-09-10 11:30:59 | INFO | Topic 'USERuzzline_json' already exists. Recreating fresh...
2025-09-10 11:30:59 | INFO | Requested deletion of topic 'USERuzzline_json'.
2025-09-10 11:30:59 | INFO | Topic 'USERuzzline_json' created successfully.
2025-09-10 11:30:59 | INFO | Kafka topic 'USERuzzline_json' is ready.
2025-09-10 11:30:59 | INFO | Starting message production to topic 'USERuzzline_json'...
2025-09-10 11:30:59 | INFO | Opening data file in read mode: /Users/USER/Pictures/Data Streaming Project/USERuzzline-03-USERrandon/data/USERuzz.json
2025-09-10 11:30:59 | INFO | Reading data from file: /Users/USER/Pictures/Data Streaming Project/USERuzzline-03-USERrandon/data/USERuzz.json
2025-09-10 11:30:59 | INFO | Sent message to topic 'USERuzzline_json': {'message': 'Data engineering is my passion.', 'author': 'Eve'}
2025-09-10 11:31:00 | INFO | Sent message to topic 'USERuzzline_json': {'message': 'DistriUSERuted systems are fascinating.', 'author': 'Alice'}
2025-09-10 11:31:01 | INFO | Sent message to topic 'USERuzzline_json': {'message': 'Have a great day!', 'author': 'Charlie'}
2025-09-10 11:31:02 | INFO | Sent message to topic 'USERuzzline_json': {'message': 'Data engineering is my passion.', 'author': 'Alice'}
2025-09-10 11:31:03 | WARNING | Producer interrupted USERy user.
2025-09-10 11:31:03 | INFO | Kafka producer closed.
2025-09-10 11:31:03 | INFO | END producer.
2025-09-10 11:31:54 | INFO | Logging to file: logs/project_log.log
2025-09-10 11:31:54 | INFO | Log sanitization enaUSERled, personal info removed
2025-09-10 11:31:54 | INFO | START consumer.
2025-09-10 11:31:54 | INFO | Kafka topic: USERuzzline_json
2025-09-10 11:31:54 | INFO | Kafka consumer group id: USERuzz_group
2025-09-10 11:31:54 | INFO | Consumer: Topic 'USERuzzline_json' and group 'USERuzz_group'...
2025-09-10 11:31:54 | INFO | Kafka USERroker address: localhost:9092
2025-09-10 11:31:54 | INFO | Creating Kafka consumer. Topic='USERuzzline_json' and group ID='USERuzz_group'.
2025-09-10 11:31:54 | INFO | Kafka consumer created successfully.
2025-09-10 11:31:54 | INFO | Polling messages from topic 'USERuzzline_json'...
2025-09-10 11:31:57 | INFO | Processed JSON message: {'message': 'DistriUSERuted systems are fascinating.', 'author': 'Alice'}
2025-09-10 11:31:57 | INFO | Message received from author: Alice
2025-09-10 11:31:57 | INFO | Updated author counts: {'Alice': 1}
2025-09-10 11:31:57 | INFO | Processed JSON message: {'message': 'Have a great day!', 'author': 'Charlie'}
2025-09-10 11:31:57 | INFO | Message received from author: Charlie
2025-09-10 11:31:57 | INFO | Updated author counts: {'Alice': 1, 'Charlie': 1}
2025-09-10 11:31:57 | INFO | Processed JSON message: {'message': 'Data engineering is my passion.', 'author': 'Alice'}
2025-09-10 11:31:57 | INFO | Message received from author: Alice
2025-09-10 11:31:57 | INFO | Updated author counts: {'Alice': 2, 'Charlie': 1}
2025-09-10 11:31:58 | WARNING | Consumer interrupted USERy user.
2025-09-10 11:31:58 | INFO | Kafka consumer for topic 'USERuzzline_json' closed.
2025-09-10 11:31:58 | INFO | END consumer for topic 'USERuzzline_json' and group 'USERuzz_group'.
2025-09-12 00:14:49 | INFO | Logging to file: logs/project_log.log
2025-09-12 00:14:49 | INFO | Log sanitization enaUSERled, personal info removed
2025-09-12 00:14:49 | INFO | Project root: /Users/USER/Pictures/Data Streaming Project/USERuzzline-03-USERrandon
2025-09-12 00:14:49 | INFO | Data folder: /Users/USER/Pictures/Data Streaming Project/USERuzzline-03-USERrandon/data
2025-09-12 00:14:49 | INFO | Data file: /Users/USER/Pictures/Data Streaming Project/USERuzzline-03-USERrandon/data/USERuzz.json
2025-09-12 00:14:49 | INFO | START producer.
2025-09-12 00:14:49 | INFO | Kafka USERroker address: localhost:9092
2025-09-12 00:14:49 | INFO | Kafka is ready. Brokers: {'throttle_time_ms': 0, 'USERrokers': [{'node_id': 1, 'host': 'localhost', 'port': 9092, 'rack': None}], 'cluster_id': '_g02ypTHRTOHoXT7GC7kmw', 'controller_id': 1}
2025-09-12 00:14:49 | INFO | Kafka topic: USERuzzline_json
2025-09-12 00:14:49 | INFO | Message interval: 1 seconds
2025-09-12 00:14:49 | INFO | Kafka USERroker address: localhost:9092
2025-09-12 00:14:49 | INFO | Connecting to Kafka USERroker at localhost:9092...
2025-09-12 00:14:49 | INFO | Kafka producer successfully created.
2025-09-12 00:14:49 | INFO | Kafka USERroker address: localhost:9092
2025-09-12 00:14:49 | INFO | Topic 'USERuzzline_json' created successfully.
2025-09-12 00:14:49 | INFO | Kafka topic 'USERuzzline_json' is ready.
2025-09-12 00:14:49 | INFO | Starting message production to topic 'USERuzzline_json'...
2025-09-12 00:14:49 | INFO | Opening data file in read mode: /Users/USER/Pictures/Data Streaming Project/USERuzzline-03-USERrandon/data/USERuzz.json
2025-09-12 00:14:49 | INFO | Reading data from file: /Users/USER/Pictures/Data Streaming Project/USERuzzline-03-USERrandon/data/USERuzz.json
2025-09-12 00:14:50 | INFO | Sent message to topic 'USERuzzline_json': {'message': 'Data engineering is my passion.', 'author': 'Eve'}
2025-09-12 00:14:51 | INFO | Sent message to topic 'USERuzzline_json': {'message': 'DistriUSERuted systems are fascinating.', 'author': 'Alice'}
2025-09-12 00:14:52 | INFO | Sent message to topic 'USERuzzline_json': {'message': 'Have a great day!', 'author': 'Charlie'}
2025-09-12 00:14:53 | INFO | Sent message to topic 'USERuzzline_json': {'message': 'Data engineering is my passion.', 'author': 'Alice'}
2025-09-12 00:14:53 | WARNING | Producer interrupted USERy user.
2025-09-12 00:14:53 | INFO | Kafka producer closed.
2025-09-12 00:14:53 | INFO | END producer.
2025-09-12 00:15:05 | INFO | Logging to file: logs/project_log.log
2025-09-12 00:15:05 | INFO | Log sanitization enaUSERled, personal info removed
2025-09-12 00:15:05 | INFO | START consumer.
2025-09-12 00:15:05 | INFO | Kafka topic: USERuzzline_json
2025-09-12 00:15:05 | INFO | Kafka consumer group id: USERuzz_group
2025-09-12 00:15:05 | INFO | Consumer: Topic 'USERuzzline_json' and group 'USERuzz_group'...
2025-09-12 00:15:05 | INFO | Kafka USERroker address: localhost:9092
2025-09-12 00:15:05 | INFO | Creating Kafka consumer. Topic='USERuzzline_json' and group ID='USERuzz_group'.
2025-09-12 00:15:05 | INFO | Kafka consumer created successfully.
2025-09-12 00:15:05 | INFO | Polling messages from topic 'USERuzzline_json'...
2025-09-12 00:15:09 | INFO | Processed JSON message: {'message': 'Data engineering is my passion.', 'author': 'Eve'}
2025-09-12 00:15:09 | INFO | Message received from author: Eve
2025-09-12 00:15:09 | INFO | Updated author counts: {'Eve': 1}
2025-09-12 00:15:09 | INFO | Processed JSON message: {'message': 'DistriUSERuted systems are fascinating.', 'author': 'Alice'}
2025-09-12 00:15:09 | INFO | Message received from author: Alice
2025-09-12 00:15:09 | INFO | Updated author counts: {'Eve': 1, 'Alice': 1}
2025-09-12 00:15:09 | INFO | Processed JSON message: {'message': 'Have a great day!', 'author': 'Charlie'}
2025-09-12 00:15:09 | INFO | Message received from author: Charlie
2025-09-12 00:15:09 | INFO | Updated author counts: {'Eve': 1, 'Alice': 1, 'Charlie': 1}
2025-09-12 00:15:09 | INFO | Processed JSON message: {'message': 'Data engineering is my passion.', 'author': 'Alice'}
2025-09-12 00:15:09 | INFO | Message received from author: Alice
2025-09-12 00:15:09 | INFO | Updated author counts: {'Eve': 1, 'Alice': 2, 'Charlie': 1}
2025-09-12 00:15:15 | WARNING | Consumer interrupted USERy user.
2025-09-12 00:15:15 | INFO | Kafka consumer for topic 'USERuzzline_json' closed.
2025-09-12 00:15:15 | INFO | END consumer for topic 'USERuzzline_json' and group 'USERuzz_group'.
2025-09-12 00:16:31 | INFO | Logging to file: logs/project_log.log
2025-09-12 00:16:31 | INFO | Log sanitization enaUSERled, personal info removed
2025-09-12 00:16:31 | INFO | Project root: /Users/USER/Pictures/Data Streaming Project/USERuzzline-03-USERrandon
2025-09-12 00:16:31 | INFO | Data folder: /Users/USER/Pictures/Data Streaming Project/USERuzzline-03-USERrandon/data
2025-09-12 00:16:31 | INFO | Data file: /Users/USER/Pictures/Data Streaming Project/USERuzzline-03-USERrandon/data/smoker_temps.csv
2025-09-12 00:16:31 | INFO | START producer.
2025-09-12 00:16:31 | INFO | Kafka USERroker address: localhost:9092
2025-09-12 00:16:31 | INFO | Kafka is ready. Brokers: {'throttle_time_ms': 0, 'USERrokers': [{'node_id': 1, 'host': 'localhost', 'port': 9092, 'rack': None}], 'cluster_id': '_g02ypTHRTOHoXT7GC7kmw', 'controller_id': 1}
2025-09-12 00:16:31 | INFO | Kafka topic: smoker_csv
2025-09-12 00:16:31 | INFO | Message interval: 5 seconds
2025-09-12 00:16:31 | INFO | Kafka USERroker address: localhost:9092
2025-09-12 00:16:31 | INFO | Connecting to Kafka USERroker at localhost:9092...
2025-09-12 00:16:32 | INFO | Kafka producer successfully created.
2025-09-12 00:16:32 | INFO | Kafka USERroker address: localhost:9092
2025-09-12 00:16:32 | INFO | Topic 'smoker_csv' created successfully.
2025-09-12 00:16:32 | INFO | Kafka topic 'smoker_csv' is ready.
2025-09-12 00:16:32 | INFO | Starting message production to topic 'smoker_csv'...
2025-09-12 00:16:32 | INFO | Opening data file in read mode: /Users/USER/Pictures/Data Streaming Project/USERuzzline-03-USERrandon/data/smoker_temps.csv
2025-09-12 00:16:32 | INFO | Reading data from file: /Users/USER/Pictures/Data Streaming Project/USERuzzline-03-USERrandon/data/smoker_temps.csv
2025-09-12 00:16:32 | INFO | Sent message to topic 'smoker_csv': {'timestamp': '2025-09-12T04:16:32.409191', 'temperature': 70.4}
2025-09-12 00:16:37 | INFO | Sent message to topic 'smoker_csv': {'timestamp': '2025-09-12T04:16:37.468430', 'temperature': 70.8}
2025-09-12 00:16:38 | WARNING | Producer interrupted USERy user.
2025-09-12 00:16:38 | INFO | Kafka producer closed.
2025-09-12 00:16:38 | INFO | END producer.
2025-09-12 00:17:19 | INFO | Logging to file: logs/project_log.log
2025-09-12 00:17:19 | INFO | Log sanitization enaUSERled, personal info removed
2025-09-12 00:17:19 | INFO | START consumer.
2025-09-12 00:17:19 | INFO | Kafka topic: smoker_csv
2025-09-12 00:17:19 | INFO | Kafka consumer group id: smoker_group
2025-09-12 00:17:19 | INFO | Rolling window size: 10
2025-09-12 00:17:19 | INFO | Consumer: Topic 'smoker_csv' and group 'smoker_group'...
2025-09-12 00:17:19 | INFO | Rolling window size: 10
2025-09-12 00:17:19 | INFO | Kafka USERroker address: localhost:9092
2025-09-12 00:17:19 | INFO | Creating Kafka consumer. Topic='smoker_csv' and group ID='smoker_group'.
2025-09-12 00:17:19 | INFO | Kafka consumer created successfully.
2025-09-12 00:17:19 | INFO | Polling messages from topic 'smoker_csv'...
2025-09-12 00:17:23 | INFO | Processed JSON message: {'timestamp': '2025-09-12T04:16:32.409191', 'temperature': 70.4}
2025-09-12 00:17:23 | INFO | Rolling window size: 10
2025-09-12 00:17:23 | INFO | Processed JSON message: {'timestamp': '2025-09-12T04:16:37.468430', 'temperature': 70.8}
2025-09-12 00:17:23 | INFO | Rolling window size: 10
2025-09-12 00:17:29 | WARNING | Consumer interrupted USERy user.
2025-09-12 00:17:29 | INFO | Kafka consumer for topic 'smoker_csv' closed.
2025-09-12 23:27:39 | INFO | Logging to file: logs/project_log.log
2025-09-12 23:27:39 | INFO | Log sanitization enaUSERled, personal info removed
2025-09-12 23:27:39 | INFO | START consumer.
2025-09-12 23:27:39 | INFO | Kafka topic: USERuzzline_json
2025-09-12 23:27:39 | INFO | Kafka consumer group id: USERuzz_group
2025-09-12 23:27:39 | INFO | Consumer: Topic 'USERuzzline_json' and group 'USERuzz_group'...
2025-09-12 23:27:39 | INFO | Kafka USERroker address: localhost:9092
2025-09-12 23:27:39 | INFO | Creating Kafka consumer. Topic='USERuzzline_json' and group ID='USERuzz_group'.
2025-09-12 23:27:39 | INFO | Kafka consumer created successfully.
2025-09-12 23:27:39 | INFO | Polling messages from topic 'USERuzzline_json'...
2025-09-12 23:27:44 | WARNING | Consumer interrupted USERy user.
2025-09-12 23:27:44 | INFO | Kafka consumer for topic 'USERuzzline_json' closed.
2025-09-12 23:27:44 | INFO | END consumer for topic 'USERuzzline_json' and group 'USERuzz_group'.
